<?xml version="1.0" encoding="UTF-8"?>
<!-- Generated by org.testng.reporters.JUnitXMLReporter -->
<testsuite hostname="ip-172-31-87-158" ignored="0" name="Default test" tests="10" failures="0" timestamp="2021-12-01T11:32:35 UTC" time="29.528" errors="0">
  <testcase name="lauchChromeTest" time="3.73" classname="com.simplilearn.ecom.group.BrowserSpecificGroupTest"/>
  <testcase name="lauchFirefoxTest" time="6.088" classname="com.simplilearn.ecom.group.BrowserSpecificGroupTest"/>
  <testcase name="testAmazonHomepage" time="0.02" classname="com.simplilearn.ecom.group.BrowserSpecificGroupTest"/>
  <testcase name="testFacebookTitle" time="0.011" classname="com.simplilearn.ecom.group.BrowserSpecificGroupTest"/>
  <testcase name="testFacebookHomepage" time="0.16" classname="com.simplilearn.ecom.group.BrowserSpecificGroupTest"/>
  <testcase name="testHompageSourceUrl" time="0.011" classname="com.simplilearn.ecom.group.BrowserSpecificGroupTest"/>
  <testcase name="testAmazonSearch" time="4.1" classname="com.simplilearn.ecom.group.BrowserSpecificGroupTest"/>
  <testcase name="testFacebookFailureLogin" time="13.515" classname="com.simplilearn.ecom.group.BrowserSpecificGroupTest"/>
  <testcase name="closeChromeBrowser" time="0.191" classname="com.simplilearn.ecom.group.BrowserSpecificGroupTest"/>
  <testcase name="closeFirefox" time="1.608" classname="com.simplilearn.ecom.group.BrowserSpecificGroupTest"/>
</testsuite> <!-- Default test -->
