<?xml version="1.0" encoding="UTF-8"?>
<!-- Generated by org.testng.reporters.JUnitXMLReporter -->
<testsuite hostname="ip-172-31-87-158" ignored="0" name="Default test" tests="3" failures="0" timestamp="2021-12-01T10:01:10 UTC" time="0.049" errors="0">
  <testcase name="testOne" time="0.007" classname="com.simplilearn.ecom.amazon.StandardAnnotationTest"/>
  <testcase name="testThree" time="0.001" classname="com.simplilearn.ecom.amazon.StandardAnnotationTest"/>
  <testcase name="testTwo" time="0.001" classname="com.simplilearn.ecom.amazon.StandardAnnotationTest"/>
</testsuite> <!-- Default test -->
