<?xml version="1.0" encoding="UTF-8"?>
<!-- Generated by org.testng.reporters.JUnitXMLReporter -->
<testsuite hostname="ip-172-31-87-158" ignored="0" name="Amazon Test" tests="6" failures="1" timestamp="2021-12-01T10:56:31 UTC" time="26.684" errors="0">
  <testcase name="testAmazonHomepage" time="0.219" classname="com.simplilearn.ecom.amazon.AmazonHomepageTest"/>
  <testcase name="testAmazonMobileLink" time="1.296" classname="com.simplilearn.ecom.amazon.AmazonHomepageTest">
    <failure type="java.lang.AssertionError" message="expected [] but found [Mobile Phones: Buy New Mobiles Online at Best Prices in India | Buy Cell Phones Online - Amazon.in]">
      <![CDATA[java.lang.AssertionError: expected [] but found [Mobile Phones: Buy New Mobiles Online at Best Prices in India | Buy Cell Phones Online - Amazon.in]
at com.simplilearn.ecom.amazon.AmazonHomepageTest.testAmazonMobileLink(AmazonHomepageTest.java:52)
at java.util.ArrayList.forEach(ArrayList.java:1257)
... Removed 33 stack frames]]>
    </failure>
  </testcase> <!-- testAmazonMobileLink -->
  <testcase name="testAmazonSearch" time="2.538" classname="com.simplilearn.ecom.amazon.AmazonHomepageTest"/>
  <testcase name="testAmazonBestsellerLink" time="1.986" classname="com.simplilearn.ecom.amazon.AmazonNavLinkTest"/>
  <testcase name="testAmazonElectronicLink" time="2.003" classname="com.simplilearn.ecom.amazon.AmazonNavLinkTest"/>
  <testcase name="testAmazonMobileLink" time="2.046" classname="com.simplilearn.ecom.amazon.AmazonNavLinkTest"/>
</testsuite> <!-- Amazon Test -->
