<?xml version="1.0" encoding="UTF-8"?>
<!-- Generated by org.testng.reporters.JUnitXMLReporter -->
<testsuite hostname="ip-172-31-87-158" ignored="0" name="Amazon Test" tests="6" failures="2" timestamp="2021-12-01T11:55:32 UTC" time="29.374" errors="0">
  <testcase name="testAmazonHomepage" time="0.222" classname="com.simplilearn.ecom.amazon.AmazonHomepageTest"/>
  <testcase name="testAmazonMobileLink" time="2.472" classname="com.simplilearn.ecom.amazon.AmazonHomepageTest"/>
  <testcase name="testAmazonSearch" time="2.827" classname="com.simplilearn.ecom.amazon.AmazonHomepageTest"/>
  <testcase name="testAmazonBestsellerLink" time="2.158" classname="com.simplilearn.ecom.amazon.AmazonNavLinkTest"/>
  <testcase name="testAmazonElectronicLink" time="1.081" classname="com.simplilearn.ecom.amazon.AmazonNavLinkTest">
    <failure type="java.lang.AssertionError" message="expected [] but found [Electronics Store: Buy Electronics products Online at Best Prices in India at Amazon.in]">
      <![CDATA[java.lang.AssertionError: expected [] but found [Electronics Store: Buy Electronics products Online at Best Prices in India at Amazon.in]
at com.simplilearn.ecom.amazon.AmazonNavLinkTest.testAmazonElectronicLink(AmazonNavLinkTest.java:65)
at java.util.ArrayList.forEach(ArrayList.java:1257)
... Removed 33 stack frames]]>
    </failure>
  </testcase> <!-- testAmazonElectronicLink -->
  <testcase name="testAmazonMobileLink" time="1.906" classname="com.simplilearn.ecom.amazon.AmazonNavLinkTest">
    <failure type="java.lang.AssertionError" message="expected [Gift Cards &amp;amp; Vouchers Online : Buy Gift Vouchers &amp;amp; E Gift Cards Online in India - Amazon.in] but found [Mobile Phones: Buy New Mobiles Online at Best Prices in India | Buy Cell Phones Online - Amazon.in]">
      <![CDATA[java.lang.AssertionError: expected [Gift Cards & Vouchers Online : Buy Gift Vouchers & E Gift Cards Online in India - Amazon.in] but found [Mobile Phones: Buy New Mobiles Online at Best Prices in India | Buy Cell Phones Online - Amazon.in]
at com.simplilearn.ecom.amazon.AmazonNavLinkTest.testAmazonMobileLink(AmazonNavLinkTest.java:45)
at java.util.ArrayList.forEach(ArrayList.java:1257)
... Removed 33 stack frames]]>
    </failure>
  </testcase> <!-- testAmazonMobileLink -->
</testsuite> <!-- Amazon Test -->
