<?xml version="1.0" encoding="UTF-8"?>
<!-- Generated by org.testng.reporters.JUnitXMLReporter -->
<testsuite hostname="ip-172-31-87-158" ignored="0" name="Facebook Test" tests="2" failures="0" timestamp="2021-12-01T11:55:50 UTC" time="17.741" errors="0">
  <testcase name="testFacebookFailureLogin" time="14.13" classname="com.simplilearn.ecom.facebook.FacebookLoginTest"/>
  <testcase name="testFacebookHomepage" time="0.116" classname="com.simplilearn.ecom.facebook.FacebookLoginTest"/>
</testsuite> <!-- Facebook Test -->
