<?xml version="1.0" encoding="UTF-8"?>
<!-- Generated by org.testng.reporters.JUnitXMLReporter -->
<testsuite hostname="ip-172-31-87-158" ignored="0" name="Facebook Test" tests="2" failures="0" timestamp="2021-12-01T10:56:46 UTC" time="15.449" errors="0">
  <testcase name="testFacebookFailureLogin" time="12.259" classname="com.simplilearn.ecom.facebook.FacebookLoginTest"/>
  <testcase name="testFacebookHomepage" time="0.161" classname="com.simplilearn.ecom.facebook.FacebookLoginTest"/>
</testsuite> <!-- Facebook Test -->
