<?xml version="1.0" encoding="UTF-8"?>
<!-- Generated by org.testng.reporters.JUnitXMLReporter -->
<testsuite hostname="ip-172-31-87-158" ignored="0" name="Group Test" tests="10" failures="0" timestamp="2021-12-01T11:56:18 UTC" time="28.225" errors="0">
  <testcase name="lauchChromeTest" time="2.558" classname="com.simplilearn.ecom.group.BrowserSpecificGroupTest"/>
  <testcase name="lauchFirefoxTest" time="5.068" classname="com.simplilearn.ecom.group.BrowserSpecificGroupTest"/>
  <testcase name="testAmazonHomepage" time="0.018" classname="com.simplilearn.ecom.group.BrowserSpecificGroupTest"/>
  <testcase name="testFacebookTitle" time="0.043" classname="com.simplilearn.ecom.group.BrowserSpecificGroupTest"/>
  <testcase name="testFacebookHomepage" time="0.122" classname="com.simplilearn.ecom.group.BrowserSpecificGroupTest"/>
  <testcase name="testHompageSourceUrl" time="0.008" classname="com.simplilearn.ecom.group.BrowserSpecificGroupTest"/>
  <testcase name="testAmazonSearch" time="4.01" classname="com.simplilearn.ecom.group.BrowserSpecificGroupTest"/>
  <testcase name="testFacebookFailureLogin" time="14.66" classname="com.simplilearn.ecom.group.BrowserSpecificGroupTest"/>
  <testcase name="closeChromeBrowser" time="0.137" classname="com.simplilearn.ecom.group.BrowserSpecificGroupTest"/>
  <testcase name="closeFirefox" time="1.577" classname="com.simplilearn.ecom.group.BrowserSpecificGroupTest"/>
</testsuite> <!-- Group Test -->
